2025-03-23
CURRENCY: BNBUSDT, Close($):622.29 High($):622.44 Low($):622.26 Trend: 
CURRENCY: ETHUSDT, Close($):1989.68 High($):1992.01 Low($):1989.4 Trend: 
CURRENCY: BTCUSDT, Close($):85046.21 High($):85099.0 Low($):85046.2 Trend: 
CURRENCY: BNBUSDT, Close($):622.02 High($):622.3 Low($):622.0 Trend: LOWER
CURRENCY: BTCUSDT, Close($):85008.71 High($):85046.21 Low($):85008.71 Trend: LOWER
CURRENCY: ETHUSDT, Close($):1990.36 High($):1990.36 Low($):1989.67 Trend: HIGHER
CURRENCY: BNBUSDT, Close($):621.98 High($):622.3 Low($):621.9 Trend: LOWER
CURRENCY: ETHUSDT, Close($):1988.81 High($):1991.07 Low($):1988.81 Trend: LOWER
R
CURRENCY: BNBUSDT, Close($):622.5 High($):622.5 Low($):621.98 Trend: HIGHER
CURRENCY: BTCUSDT, Close($):85003.76 High($):85013.05 Low($):84963.21 Trend: HIGHER
CURRENCY: ETHUSDT, Close($):1990.4 High($):1990.61 Low($):1988.0 Trend: HIGHER
CURRENCY: BNBUSDT, Close($):622.8 High($):622.8 Low($):622.49 Trend: HIGHER
CURRENCY: BTCUSDT, Close($):85037.45 High($):85037.45 Low($):85003.75 Trend: HIGHER
CURRENCY: ETHUSDT, Close($):1991.92 High($):1991.94 Low($):1990.41 Trend: HIGHER
CURRENCY: BNBUSDT, Close($):622.81 High($):622.82 Low($):622.79 Trend: HIGHER
CURRENCY: ETHUSDT, Close($):1992.98 High($):1992.99 Low($):1991.61 Trend: HIGHER

CURRENCY: BNBUSDT, Close($):622.48 High($):622.84 Low($):622.48 Trend: LOWER
CURRENCY: BTCUSDT, Close($):84993.17 High($):85048.25 Low($):84993.16 Trend: LOWER
CURRENCY: ETHUSDT, Close($):1992.05 High($):1992.99 Low($):1992.04 Trend: LOWER